This is pdfeTeXk, Version 3.141592-1.21a-2.2 (Web2C 7.5.4) (format=pdflatex 2007.2.26)  22 MAR 2007 23:09
entering extended mode
 file:line:error style messages enabled.
**/home/marado/mlp/music-industry.tex
(/home/marado/mlp/music-industry.tex
LaTeX2e <2003/12/01>
Babel <v3.8d> and hyphenation patterns for american, french, german, ngerman, b
ahasa, basque, bulgarian, catalan, croatian, czech, danish, dutch, esperanto, e
stonian, finnish, greek, icelandic, irish, italian, latin, magyar, norsk, polis
h, portuges, romanian, russian, serbian, slovak, slovene, spanish, swedish, tur
kish, ukrainian, nohyphenation, loaded.
(/usr/share/texmf-tetex/tex/latex/base/slides.cls
Document Class: slides 1997/08/15 v2.3z Standard LaTeX document class
(/usr/share/texmf-tetex/tex/latex/base/slides.def
File: slides.def 1997/08/15 v2.3z SLiTeX definitions
 hacks, slides,
\c@page=\count79
 picture,
mods,
\@smashboxa=\box26
\@smashboxb=\box27
\@smashboxc=\box28
 output, init) (/usr/share/texmf-tetex/tex/latex/base/sfonts.def
File: sfonts.def 1998/06/12 v2.2e Standard LaTeX slide font definitions

(/usr/share/texmf-tetex/tex/latex/base/ot1lcmss.fd
File: ot1lcmss.fd 1998/06/12 v2.2e Standard LaTeX slide font definitions
))
\c@minutes=\count80
\c@seconds=\count81
\c@mv@invisible=\count82
LaTeX Font Info:    Overwriting symbol font `operators' in version `normal'
(Font)                  OT1/cmr/m/n --> OT1/lcmss/m/n on input line 369.
LaTeX Font Info:    Overwriting symbol font `letters' in version `normal'
(Font)                  OML/cmm/m/it --> OML/lcmm/m/it on input line 372.
LaTeX Font Info:    Overwriting symbol font `symbols' in version `normal'
(Font)                  OMS/cmsy/m/n --> OMS/lcmsy/m/n on input line 374.
LaTeX Font Info:    Overwriting symbol font `largesymbols' in version `normal'
(Font)                  OMX/cmex/m/n --> OMX/lcmex/m/n on input line 376.
LaTeX Font Info:    Overwriting symbol font `operators' in version `invisible'
(Font)                  OT1/cmr/m/n --> OT1/lcmss/m/In on input line 379.
LaTeX Font Info:    Overwriting symbol font `letters' in version `invisible'
(Font)                  OML/cmm/m/it --> OML/lcmm/m/Iit on input line 381.
LaTeX Font Info:    Overwriting symbol font `symbols' in version `invisible'
(Font)                  OMS/cmsy/m/n --> OMS/lcmsy/m/In on input line 383.
LaTeX Font Info:    Overwriting symbol font `largesymbols' in version `invisibl
e'
(Font)                  OMX/cmex/m/n --> OMX/lcmex/m/In on input line 385.
)
(/usr/share/texmf-tetex/tex/latex/base/inputenc.sty
Package: inputenc 2004/02/05 v1.0d Input encoding file

(/usr/share/texmf-tetex/tex/latex/base/latin1.def
File: latin1.def 2004/02/05 v1.0d Input encoding file
))
(/usr/share/texmf-tetex/tex/latex/graphics/graphicx.sty
Package: graphicx 1999/02/16 v1.0f Enhanced LaTeX Graphics (DPC,SPQR)

(/usr/share/texmf-tetex/tex/latex/graphics/keyval.sty
Package: keyval 1999/03/16 v1.13 key=value parser (DPC)
\KV@toks@=\toks14
)
(/usr/share/texmf-tetex/tex/latex/graphics/graphics.sty
Package: graphics 2001/07/07 v1.0n Standard LaTeX Graphics (DPC,SPQR)

(/usr/share/texmf-tetex/tex/latex/graphics/trig.sty
Package: trig 1999/03/16 v1.09 sin cos tan (DPC)
)
(/usr/share/texmf-tetex/tex/latex/graphics/graphics.cfg
File: graphics.cfg 2005/02/03 v1.3 graphics configuration of teTeX/TeXLive
)
Package graphics Info: Driver file: pdftex.def on input line 80.

(/usr/share/texmf-tetex/tex/latex/graphics/pdftex.def
File: pdftex.def 2002/06/19 v0.03k graphics/color for pdftex
\Gread@gobject=\count83
))
\Gin@req@height=\dimen102
\Gin@req@width=\dimen103
) (./music-industry.aux)
\openout1 = `music-industry.aux'.

LaTeX Font Info:    Checking defaults for OML/cmm/m/it on input line 20.
LaTeX Font Info:    ... okay on input line 20.
LaTeX Font Info:    Checking defaults for T1/cmr/m/n on input line 20.
LaTeX Font Info:    ... okay on input line 20.
LaTeX Font Info:    Checking defaults for OT1/lcmss/m/n on input line 20.
LaTeX Font Info:    ... okay on input line 20.
LaTeX Font Info:    Checking defaults for OMS/cmsy/m/n on input line 20.
LaTeX Font Info:    ... okay on input line 20.
LaTeX Font Info:    Checking defaults for OMX/cmex/m/n on input line 20.
LaTeX Font Info:    ... okay on input line 20.
LaTeX Font Info:    Checking defaults for U/cmr/m/n on input line 20.
LaTeX Font Info:    ... okay on input line 20.
(/usr/share/texmf-tetex/tex/context/base/supp-pdf.tex
(/usr/share/texmf-tetex/tex/context/base/supp-mis.tex
loading : Context Support Macros / Miscellaneous (2004.10.26)
\protectiondepth=\count84
\scratchcounter=\count85
\scratchtoks=\toks15
\scratchdimen=\dimen104
\scratchskip=\skip41
\scratchmuskip=\muskip10
\scratchbox=\box29
\scratchread=\read1
\scratchwrite=\write3
\zeropoint=\dimen105
\onepoint=\dimen106
\onebasepoint=\dimen107
\minusone=\count86
\thousandpoint=\dimen108
\onerealpoint=\dimen109
\emptytoks=\toks16
\nextbox=\box30
\nextdepth=\dimen110
\everyline=\toks17
\!!counta=\count87
\!!countb=\count88
\recursecounter=\count89
)
loading : Context Support Macros / PDF (2004.03.26)
\nofMPsegments=\count90
\nofMParguments=\count91
\MPscratchCnt=\count92
\MPscratchDim=\dimen111
\MPnumerator=\count93
\everyMPtoPDFconversion=\toks18
) [1

{/var/lib/texmf/fonts/map/pdftex/updmap/pdftex.map}] [2]
<mercado.png, id=12, 314.17375pt x 159.59625pt>
File: mercado.png Graphic file (type png)
 <use mercado.png>
LaTeX Font Info:    Try loading font information for OML+lcmm on input line 81.


(/usr/share/texmf-tetex/tex/latex/base/omllcmm.fd
File: omllcmm.fd 1998/06/12 v2.2e Standard LaTeX slide font definitions
)
LaTeX Font Info:    Try loading font information for OMS+lcmsy on input line 81
.

(/usr/share/texmf-tetex/tex/latex/base/omslcmsy.fd
File: omslcmsy.fd 1998/06/12 v2.2e Standard LaTeX slide font definitions
)
LaTeX Font Info:    Try loading font information for OMX+lcmex on input line 81
.

(/usr/share/texmf-tetex/tex/latex/base/omxlcmex.fd
File: omxlcmex.fd 1998/06/12 v2.2e Standard LaTeX slide font definitions
)
LaTeX Font Info:    External font `cmex10 at17.28pt' loaded for size
(Font)              <16.59> on input line 81.
LaTeX Font Info:    External font `cmex10 at17.28pt' loaded for size
(Font)              <12> on input line 81.
LaTeX Font Info:    External font `cmex10 at17.28pt' loaded for size
(Font)              <7> on input line 81.
 [3 <./mercado.png>]
[4]
LaTeX Font Info:    External font `cmex10 at17.28pt' loaded for size
(Font)              <19.907> on input line 131.
LaTeX Font Info:    External font `cmex10 at17.28pt' loaded for size
(Font)              <13.82> on input line 131.

Overfull \hbox (76.17642pt too wide) in paragraph at lines 131--132
[]\OT1/lcmss/m/n/19.907 Os avan^^Xcos tec-nol^^Sogicos eram con-tro-la-dos pela
 ind^^Sustria discogr^^Safica 
 []

[5] [6] [7] [8] [9] [10] [11]

Class slides Warning: Slide 11 too long on input line 240.

[11]

Class slides Warning: Slide 11 too long on input line 244.

[11] [12] [13]
Overfull \hbox (10.16626pt too wide) in paragraph at lines 276--277
[]\OT1/lcmss/m/n/19.907 Amantes da m^^Susica a faz-erem, sem con-trolo, a dis-t
ribui^^Xc~ao! 
 []


Class slides Warning: Slide 13 too long on input line 281.

[13]

Class slides Warning: Slide 13 too long on input line 291.

[13] [14] [15]

Class slides Warning: Slide 15 too long on input line 370.

[15]
Overfull \hbox (5.94974pt too wide) in paragraph at lines 378--379
[]\OT1/lcmss/m/n/19.907 CD's cor-rompi-dos (nomeada-mente das ed-i-toras Sony, 
EMI,
 []

[16]

Class slides Warning: Slide 16 too long on input line 399.

[16]

Class slides Warning: Slide 16 too long on input line 408.

[16] <drm0.png, id=85, 80.3pt x 80.3pt>
File: drm0.png Graphic file (type png)
 <use drm0.png>
<drm1.jpg, id=86, 361.35pt x 87.32625pt>
File: drm1.jpg Graphic file (type jpg)
 <use drm1.jpg>
<drm2.jpg, id=87, 342.27875pt x 141.52875pt>
File: drm2.jpg Graphic file (type jpg)
 <use drm2.jpg>
<drm3.jpg, id=88, 241.65282pt x 70.01157pt>
File: drm3.jpg Graphic file (type jpg)
 <use drm3.jpg> [17 <./drm0.png> <./drm1.jpg> <./drm2.jpg> <./drm3.jpg>] <cdda.
jpg, id=93, 118.4425pt x 78.2925pt>
File: cdda.jpg Graphic file (type jpg)

<use cdda.jpg> [18 <./cdda.jpg>] [19] [20]

Class slides Warning: Slide 20 too long on input line 453.

[20] [21]

Class slides Warning: Slide 21 too long on input line 477.

[21] [22] [23] [24]
Overfull \hbox (26.27034pt too wide) in paragraph at lines 529--530
[]\OT1/lcmss/m/n/19.907 2006: Em Por-tu-gal, os lu-cros do cin-ema au-men-taram
 2.000.000
 []

[25]

Class slides Warning: Slide 25 too long on input line 534.

[25] [26] [27] [28] [29] [30] [31] (./music-industry.aux) ) 
Here is how much of TeX's memory you used:
 1049 strings out of 94500
 13993 string characters out of 1175771
 60074 words of memory out of 1000000
 4244 multiletter control sequences out of 10000+50000
 10353 words of font info for 36 fonts, out of 500000 for 2000
 580 hyphenation exceptions out of 8191
 25i,4n,19p,247b,281s stack positions out of 1500i,500n,5000p,200000b,5000s
PDF statistics:
 149 PDF objects out of 300000
 0 named destinations out of 131072
 31 words of extra memory for PDF output out of 65536
 </home/marado/.texm
f-var/fonts/pk/ljfour/public/cm/cmmi8.1244pk> </home/marado/.texmf-var/fonts/pk
/ljfour/public/latex/lcmssi8.1244pk> </home/marado/.texmf-var/fonts/pk/ljfour/p
ublic/latex/lcmssb8.1493pk> </home/marado/.texmf-var/fonts/pk/ljfour/public/lat
ex/lcmssi8.1493pk> </home/marado/.texmf-var/fonts/pk/ljfour/public/cm/cmsy8.149
3pk> </home/marado/.texmf-var/fonts/pk/ljfour/public/latex/lcmssb8.1244pk> </ho
me/marado/.texmf-var/fonts/pk/ljfour/public/latex/lcmss8.1244pk> </home/marado/
.texmf-var/fonts/pk/ljfour/public/cm/cmsy8.1244pk> </home/marado/.texmf-var/fon
ts/pk/ljfour/public/latex/lcmss8.3096pk> </home/marado/.texmf-var/fonts/pk/ljfo
ur/public/latex/lcmss8.1037pk> </home/marado/.texmf-var/fonts/pk/ljfour/public/
latex/lcmss8.1493pk> </home/marado/.texmf-var/fonts/pk/ljfour/public/latex/lcms
s8.2150pk>
Output written on music-industry.pdf (41 pages, 196740 bytes).
